C:\USERS\WB\DESKTOP\华为培训20170112\SUBWAYCHARGE_STUDENT\SUBWAYCHARGE\DEBUG\CMDSINGLETICKET.OBJ
C:\USERS\WB\DESKTOP\华为培训20170112\SUBWAYCHARGE_STUDENT\SUBWAYCHARGE\DEBUG\SUBWAYCMDPARSE.OBJ
C:\USERS\WB\DESKTOP\华为培训20170112\SUBWAYCHARGE_STUDENT\SUBWAYCHARGE\DEBUG\SUBWAYCREATECARDPROC.OBJ
C:\USERS\WB\DESKTOP\华为培训20170112\SUBWAYCHARGE_STUDENT\SUBWAYCHARGE\DEBUG\SUBWAYDEDUCTPROC.OBJ
C:\USERS\WB\DESKTOP\华为培训20170112\SUBWAYCHARGE_STUDENT\SUBWAYCHARGE\DEBUG\SUBWAYFILLCHARGEPROC.OBJ
C:\USERS\WB\DESKTOP\华为培训20170112\SUBWAYCHARGE_STUDENT\SUBWAYCHARGE\DEBUG\SUBWAYQUERYHISTORYPROC.OBJ
C:\USERS\WB\DESKTOP\华为培训20170112\SUBWAYCHARGE_STUDENT\SUBWAYCHARGE\DEBUG\SUBWAYQUERYLINEPROC.OBJ
C:\USERS\WB\DESKTOP\华为培训20170112\SUBWAYCHARGE_STUDENT\SUBWAYCHARGE\DEBUG\SUBWAYRESETPROC.OBJ
C:\USERS\WB\DESKTOP\华为培训20170112\SUBWAYCHARGE_STUDENT\SUBWAYCHARGE\DEBUG\SUBWAYSINGLETICKETPROC.OBJ
C:\USERS\WB\DESKTOP\华为培训20170112\SUBWAYCHARGE_STUDENT\SUBWAYCHARGE\DEBUG\SUBWAYCOMMONSPLIT.OBJ
C:\USERS\WB\DESKTOP\华为培训20170112\SUBWAYCHARGE_STUDENT\SUBWAYCHARGE\DEBUG\SUBWAYCMDPROC.OBJ
C:\USERS\WB\DESKTOP\华为培训20170112\SUBWAYCHARGE_STUDENT\SUBWAYCHARGE\DEBUG\SUBWAYOUTPUT.OBJ
C:\USERS\WB\DESKTOP\华为培训20170112\SUBWAYCHARGE_STUDENT\SUBWAYCHARGE\DEBUG\SUBWAYERROR.OBJ
C:\USERS\WB\DESKTOP\华为培训20170112\SUBWAYCHARGE_STUDENT\SUBWAYCHARGE\DEBUG\SUBWAYLINE.OBJ
C:\USERS\WB\DESKTOP\华为培训20170112\SUBWAYCHARGE_STUDENT\SUBWAYCHARGE\DEBUG\BASEPRICE.OBJ
C:\USERS\WB\DESKTOP\华为培训20170112\SUBWAYCHARGE_STUDENT\SUBWAYCHARGE\DEBUG\DEDUCTPRICE.OBJ
C:\USERS\WB\DESKTOP\华为培训20170112\SUBWAYCHARGE_STUDENT\SUBWAYCHARGE\DEBUG\SUBWAYSOCKET.OBJ
C:\USERS\WB\DESKTOP\华为培训20170112\SUBWAYCHARGE_STUDENT\SUBWAYCHARGE\DEBUG\SUBWAYCARD_TEST.OBJ
C:\USERS\WB\DESKTOP\华为培训20170112\SUBWAYCHARGE_STUDENT\SUBWAYCHARGE\DEBUG\SUBWAYLINE_TEST.OBJ
C:\USERS\WB\DESKTOP\华为培训20170112\SUBWAYCHARGE_STUDENT\SUBWAYCHARGE\DEBUG\SUBWAYPRICE_TEST.OBJ
C:\USERS\WB\DESKTOP\华为培训20170112\SUBWAYCHARGE_STUDENT\SUBWAYCHARGE\DEBUG\STDAFX.OBJ
C:\USERS\WB\DESKTOP\华为培训20170112\SUBWAYCHARGE_STUDENT\SUBWAYCHARGE\DEBUG\SUBWAYCARD.OBJ
C:\USERS\WB\DESKTOP\华为培训20170112\SUBWAYCHARGE_STUDENT\SUBWAYCHARGE\DEBUG\SUBWAYCHARGE.OBJ
C:\USERS\WB\DESKTOP\华为培训20170112\SUBWAYCHARGE_STUDENT\SUBWAYCHARGE\DEBUG\CMDCREATECARD.OBJ
C:\USERS\WB\DESKTOP\华为培训20170112\SUBWAYCHARGE_STUDENT\SUBWAYCHARGE\DEBUG\CMDDEDUCTPROC.OBJ
C:\USERS\WB\DESKTOP\华为培训20170112\SUBWAYCHARGE_STUDENT\SUBWAYCHARGE\DEBUG\CMDDESTROYCARD.OBJ
C:\USERS\WB\DESKTOP\华为培训20170112\SUBWAYCHARGE_STUDENT\SUBWAYCHARGE\DEBUG\CMDFILLCHARGE.OBJ
C:\USERS\WB\DESKTOP\华为培训20170112\SUBWAYCHARGE_STUDENT\SUBWAYCHARGE\DEBUG\CMDQUERYHISTORY.OBJ
C:\USERS\WB\DESKTOP\华为培训20170112\SUBWAYCHARGE_STUDENT\SUBWAYCHARGE\DEBUG\CMDQUERYLINE.OBJ
C:\USERS\WB\DESKTOP\华为培训20170112\SUBWAYCHARGE_STUDENT\SUBWAYCHARGE\DEBUG\CMDRESET.OBJ
C:\USERS\WB\DESKTOP\华为培训20170112\SUBWAYCHARGE_STUDENT\SUBWAYCHARGE\DEBUG\VC110.PDB
C:\Users\wb\Desktop\华为培训20170112\subwayCharge_student\subwayCharge\Debug\basePrice.obj
C:\Users\wb\Desktop\华为培训20170112\subwayCharge_student\subwayCharge\Debug\cmdCreateCard.obj
C:\Users\wb\Desktop\华为培训20170112\subwayCharge_student\subwayCharge\Debug\cmdDeductProc.obj
C:\Users\wb\Desktop\华为培训20170112\subwayCharge_student\subwayCharge\Debug\cmdDestroyCard.obj
C:\Users\wb\Desktop\华为培训20170112\subwayCharge_student\subwayCharge\Debug\cmdFillCharge.obj
C:\Users\wb\Desktop\华为培训20170112\subwayCharge_student\subwayCharge\Debug\cmdQueryHistory.obj
C:\Users\wb\Desktop\华为培训20170112\subwayCharge_student\subwayCharge\Debug\cmdQueryLine.obj
C:\Users\wb\Desktop\华为培训20170112\subwayCharge_student\subwayCharge\Debug\cmdReset.obj
C:\Users\wb\Desktop\华为培训20170112\subwayCharge_student\subwayCharge\Debug\cmdSingleTicket.obj
C:\Users\wb\Desktop\华为培训20170112\subwayCharge_student\subwayCharge\Debug\deductPrice.obj
C:\Users\wb\Desktop\华为培训20170112\subwayCharge_student\subwayCharge\Debug\stdafx.obj
C:\Users\wb\Desktop\华为培训20170112\subwayCharge_student\subwayCharge\Debug\subwayCard.obj
C:\Users\wb\Desktop\华为培训20170112\subwayCharge_student\subwayCharge\Debug\subwaycard_test.obj
C:\Users\wb\Desktop\华为培训20170112\subwayCharge_student\subwayCharge\Debug\subwayCharge.obj
C:\Users\wb\Desktop\华为培训20170112\subwayCharge_student\subwayCharge\Debug\subwayCmdParse.obj
C:\Users\wb\Desktop\华为培训20170112\subwayCharge_student\subwayCharge\Debug\subwayCmdProc.obj
C:\Users\wb\Desktop\华为培训20170112\subwayCharge_student\subwayCharge\Debug\subwayCommonSplit.obj
C:\Users\wb\Desktop\华为培训20170112\subwayCharge_student\subwayCharge\Debug\subwayCreateCardProc.obj
C:\Users\wb\Desktop\华为培训20170112\subwayCharge_student\subwayCharge\Debug\subwayDeductProc.obj
C:\Users\wb\Desktop\华为培训20170112\subwayCharge_student\subwayCharge\Debug\subwayError.obj
C:\Users\wb\Desktop\华为培训20170112\subwayCharge_student\subwayCharge\Debug\subwayFillChargeProc.obj
C:\Users\wb\Desktop\华为培训20170112\subwayCharge_student\subwayCharge\Debug\subwayline.obj
C:\Users\wb\Desktop\华为培训20170112\subwayCharge_student\subwayCharge\Debug\subwayline_test.obj
C:\Users\wb\Desktop\华为培训20170112\subwayCharge_student\subwayCharge\Debug\subwayOutput.obj
C:\Users\wb\Desktop\华为培训20170112\subwayCharge_student\subwayCharge\Debug\subwayprice_test.obj
C:\Users\wb\Desktop\华为培训20170112\subwayCharge_student\subwayCharge\Debug\subwayQueryHistoryProc.obj
C:\Users\wb\Desktop\华为培训20170112\subwayCharge_student\subwayCharge\Debug\subwayQueryLineProc.obj
C:\Users\wb\Desktop\华为培训20170112\subwayCharge_student\subwayCharge\Debug\subwayResetProc.obj
C:\Users\wb\Desktop\华为培训20170112\subwayCharge_student\subwayCharge\Debug\subwaySingleTicketProc.obj
C:\Users\wb\Desktop\华为培训20170112\subwayCharge_student\subwayCharge\Debug\subwaySocket.obj
C:\Users\wb\Desktop\华为培训20170112\subwayCharge_student\subwayCharge\Debug\cl.command.1.tlog
C:\Users\wb\Desktop\华为培训20170112\subwayCharge_student\subwayCharge\Debug\CL.read.1.tlog
C:\Users\wb\Desktop\华为培训20170112\subwayCharge_student\subwayCharge\Debug\CL.write.1.tlog
C:\Users\wb\Desktop\华为培训20170112\subwayCharge_student\subwayCharge\Debug\link-cvtres.read.1.tlog
C:\Users\wb\Desktop\华为培训20170112\subwayCharge_student\subwayCharge\Debug\link-cvtres.write.1.tlog
C:\Users\wb\Desktop\华为培训20170112\subwayCharge_student\subwayCharge\Debug\link-rc.read.1.tlog
C:\Users\wb\Desktop\华为培训20170112\subwayCharge_student\subwayCharge\Debug\link-rc.write.1.tlog
C:\Users\wb\Desktop\华为培训20170112\subwayCharge_student\subwayCharge\Debug\link.command.1.tlog
C:\Users\wb\Desktop\华为培训20170112\subwayCharge_student\subwayCharge\Debug\link.read.1.tlog
C:\Users\wb\Desktop\华为培训20170112\subwayCharge_student\subwayCharge\Debug\link.write.1.tlog
C:\Users\wb\Desktop\华为培训20170112\subwayCharge_student\subwayCharge\Debug\vc110.idb
C:\Users\wb\Desktop\华为培训20170112\subwayCharge_student\subwayCharge\Debug\vc110.pdb
C:\Users\wb\Desktop\华为培训20170112\subwayCharge_student\Debug\subwayCharge.pdb
